<?xml version="1.0" encoding="UTF-8"?>
<!-- Generated by org.testng.reporters.JUnitReportReporter -->
<testsuite hostname="DESKTOP-BA4T241" failures="0" tests="3" name="TestNg.Example6Enable" time="0.022" errors="0" timestamp="2023-06-07T17:32:20 IST" skipped="1">
  <testcase classname="TestNg.Example6Enable" name="Testcase1" time="0.018"/>
  <system-out>
    <![CDATA[Testcases1]]>
  </system-out>
  <testcase classname="TestNg.Example6Enable" name="Testcase3" time="0.004"/>
  <system-out>
    <![CDATA[Testcases3]]>
  </system-out>
  <testcase classname="TestNg.Example6Enable" name="Testcase2">
    <skipped/>
  </testcase> <!-- Testcase2 -->
  <system-out/>
</testsuite> <!-- TestNg.Example6Enable -->
