<?xml version="1.0" encoding="UTF-8"?>
<!-- Generated by org.testng.reporters.JUnitReportReporter -->
<testsuite hostname="DESKTOP-BA4T241" failures="0" tests="1" name="TestNg.Example11SoftAssertClass1" time="0.033" errors="0" timestamp="2023-06-12T18:31:43 IST" skipped="0">
  <testcase classname="TestNg.Example11SoftAssertClass1" name="TC1" time="0.033"/>
  <system-out/>
</testsuite> <!-- TestNg.Example11SoftAssertClass1 -->
