<?xml version="1.0" encoding="UTF-8"?>
<!-- Generated by org.testng.reporters.JUnitReportReporter -->
<testsuite hostname="DESKTOP-BA4T241" failures="0" tests="1" name="TestNg.Example11AssertClass4AssertTrue" time="0.014" errors="0" timestamp="2023-06-12T18:05:17 IST" skipped="0">
  <testcase classname="TestNg.Example11AssertClass4AssertTrue" name="TC1" time="0.014"/>
  <system-out/>
</testsuite> <!-- TestNg.Example11AssertClass4AssertTrue -->
