<?xml version="1.0" encoding="UTF-8"?>
<!-- Generated by org.testng.reporters.JUnitReportReporter -->
<testsuite hostname="DESKTOP-BA4T241" failures="0" tests="1" name="POM_DDF_TestNG_BaseClass_Utilityclass.PB_TestFullName" time="38.860" errors="0" timestamp="2023-06-21T13:13:08 IST" skipped="0">
  <testcase classname="POM_DDF_TestNG_BaseClass_Utilityclass.PB_TestFullName" name="VerifyFullname" time="38.860"/>
  <system-out/>
</testsuite> <!-- POM_DDF_TestNG_BaseClass_Utilityclass.PB_TestFullName -->
