<?xml version="1.0" encoding="UTF-8"?>
<!-- Generated by org.testng.reporters.JUnitReportReporter -->
<testsuite hostname="DESKTOP-BA4T241" failures="0" tests="8" name="TestNg.example4_Annotations" time="0.031" errors="0" timestamp="2023-06-07T16:11:35 IST" skipped="0">
  <testcase classname="TestNg.example4_Annotations" name="OpenBrowser" time="0.002"/>
  <system-out>
    <![CDATA[Open Browser]]>
  </system-out>
  <testcase classname="TestNg.example4_Annotations" name="OpenBrowser" time="0.001"/>
  <system-out>
    <![CDATA[Open Browser]]>
  </system-out>
  <testcase classname="TestNg.example4_Annotations" name="OpenBrowser" time="0.003"/>
  <system-out>
    <![CDATA[Open Browser]]>
  </system-out>
  <testcase classname="TestNg.example4_Annotations" name="OpenBrowser" time="0.002"/>
  <system-out>
    <![CDATA[Open Browser]]>
  </system-out>
  <testcase classname="TestNg.example4_Annotations" name="OpenBrowser" time="0.002"/>
  <system-out>
    <![CDATA[Open Browser]]>
  </system-out>
  <testcase classname="TestNg.example4_Annotations" name="OpenBrowser" time="0.018"/>
  <system-out>
    <![CDATA[Open Browser]]>
  </system-out>
  <testcase classname="TestNg.example4_Annotations" name="OpenBrowser" time="0.002"/>
  <system-out>
    <![CDATA[Open Browser]]>
  </system-out>
  <testcase classname="TestNg.example4_Annotations" name="OpenBrowser" time="0.001"/>
  <system-out>
    <![CDATA[Open Browser]]>
  </system-out>
</testsuite> <!-- TestNg.example4_Annotations -->
