<?xml version="1.0" encoding="UTF-8"?>
<!-- Generated by org.testng.reporters.JUnitReportReporter -->
<testsuite hostname="DESKTOP-BA4T241" failures="0" tests="1" name="TestNg.Example2_TestNgClass" time="0.009" errors="0" timestamp="2023-06-06T13:09:34 IST" skipped="0">
  <testcase classname="TestNg.Example2_TestNgClass" name="m1" time="0.009"/>
  <system-out/>
</testsuite> <!-- TestNg.Example2_TestNgClass -->
