<?xml version="1.0" encoding="UTF-8"?>
<!-- Generated by org.testng.reporters.JUnitReportReporter -->
<testsuite hostname="DESKTOP-BA4T241" failures="0" tests="3" name="TestNg.Example7Priority" time="0.015" errors="0" timestamp="2023-06-12T17:18:16 IST" skipped="0">
  <testcase classname="TestNg.Example7Priority" name="Testcase2" time="0.013"/>
  <system-out>
    <![CDATA[Testcases2]]>
  </system-out>
  <testcase classname="TestNg.Example7Priority" name="Testcase3" time="0.001"/>
  <system-out>
    <![CDATA[Testcases3]]>
  </system-out>
  <testcase classname="TestNg.Example7Priority" name="Testcase1" time="0.001"/>
  <system-out>
    <![CDATA[Testcases1]]>
  </system-out>
</testsuite> <!-- TestNg.Example7Priority -->
