<?xml version="1.0" encoding="UTF-8"?>
<!-- Generated by org.testng.reporters.JUnitReportReporter -->
<testsuite hostname="DESKTOP-BA4T241" failures="0" tests="1" name="testngsample1.PBTC1FullNameVerificationTest" time="12.217" errors="0" timestamp="2023-06-20T18:49:18 IST" skipped="0">
  <testcase classname="testngsample1.PBTC1FullNameVerificationTest" name="VerifyFullname" time="12.217"/>
  <system-out/>
</testsuite> <!-- testngsample1.PBTC1FullNameVerificationTest -->
