<?xml version="1.0" encoding="UTF-8"?>
<!-- Generated by org.testng.reporters.JUnitReportReporter -->
<testsuite hostname="DESKTOP-BA4T241" failures="0" tests="2" name="TestNg.Example3_TestNgClass" time="0.013" errors="0" timestamp="2023-06-06T13:12:18 IST" skipped="0">
  <testcase classname="TestNg.Example3_TestNgClass" name="m1" time="0.012"/>
  <system-out>
    <![CDATA[Pravin M1]]>
  </system-out>
  <testcase classname="TestNg.Example3_TestNgClass" name="m2" time="0.001"/>
  <system-out>
    <![CDATA[Print Data]]>
  </system-out>
</testsuite> <!-- TestNg.Example3_TestNgClass -->
