<?xml version="1.0" encoding="UTF-8"?>
<!-- Generated by org.testng.reporters.JUnitReportReporter -->
<testsuite hostname="DESKTOP-BA4T241" failures="0" tests="2" name="TestNg.Example12Disablemethods" time="0.017" errors="0" timestamp="2023-06-15T11:57:25 IST" skipped="0">
  <testcase classname="TestNg.Example12Disablemethods" name="TC2" time="0.015"/>
  <system-out>
    <![CDATA[Running TC2]]>
  </system-out>
  <testcase classname="TestNg.Example12Disablemethods" name="TC3" time="0.002"/>
  <system-out>
    <![CDATA[Running TC3]]>
  </system-out>
</testsuite> <!-- TestNg.Example12Disablemethods -->
