<?xml version="1.0" encoding="UTF-8"?>
<!-- Generated by org.testng.reporters.JUnitReportReporter -->
<testsuite hostname="DESKTOP-BA4T241" failures="0" tests="1" name="TestNg.Example10AssertClassAssertequals" time="0.013" errors="0" timestamp="2023-06-12T17:29:45 IST" skipped="0">
  <testcase classname="TestNg.Example10AssertClassAssertequals" name="TC1" time="0.013"/>
  <system-out/>
</testsuite> <!-- TestNg.Example10AssertClassAssertequals -->
