<?xml version="1.0" encoding="UTF-8"?>
<!-- Generated by org.testng.reporters.JUnitReportReporter -->
<testsuite hostname="DESKTOP-BA4T241" failures="0" tests="1" name="POMWithDDF.PBTestnameTestNg" time="8.098" errors="0" timestamp="2023-06-20T13:07:10 IST" skipped="0">
  <testcase classname="POMWithDDF.PBTestnameTestNg" name="VerifyFullname" time="8.098"/>
  <system-out/>
</testsuite> <!-- POMWithDDF.PBTestnameTestNg -->
