<?xml version="1.0" encoding="UTF-8"?>
<!-- Generated by org.testng.reporters.JUnitReportReporter -->
<testsuite hostname="DESKTOP-BA4T241" failures="0" tests="4" name="TestNg.Example5Annotations" time="0.019" errors="0" timestamp="2023-06-07T17:28:24 IST" skipped="0">
  <testcase classname="TestNg.Example5Annotations" name="TC2" time="0.001"/>
  <system-out>
    <![CDATA[TC2]]>
  </system-out>
  <testcase classname="TestNg.Example5Annotations" name="TC1" time="0.010"/>
  <system-out>
    <![CDATA[TC1]]>
  </system-out>
  <testcase classname="TestNg.Example5Annotations" name="TC2" time="0.003"/>
  <system-out>
    <![CDATA[TC2]]>
  </system-out>
  <testcase classname="TestNg.Example5Annotations" name="TC2" time="0.005"/>
  <system-out>
    <![CDATA[TC2]]>
  </system-out>
</testsuite> <!-- TestNg.Example5Annotations -->
