<?xml version="1.0" encoding="UTF-8"?>
<!-- Generated by org.testng.reporters.JUnitReportReporter -->
<testsuite hostname="DESKTOP-BA4T241" failures="0" tests="2" name="TestNg.Example8TimeOut" time="0.009" errors="0" timestamp="2023-06-12T17:18:16 IST" skipped="0">
  <testcase classname="TestNg.Example8TimeOut" name="TC2" time="0.002"/>
  <system-out>
    <![CDATA[Running TC2]]>
  </system-out>
  <testcase classname="TestNg.Example8TimeOut" name="TC1" time="0.007"/>
  <system-out>
    <![CDATA[Running TC1]]>
  </system-out>
</testsuite> <!-- TestNg.Example8TimeOut -->
