<?xml version="1.0" encoding="UTF-8"?>
<!-- Generated by org.testng.reporters.JUnitReportReporter -->
<testsuite hostname="DESKTOP-BA4T241" failures="0" tests="1" name="TestNg.Example11AssertClass2AssertNOTequals" time="0.022" errors="0" timestamp="2023-06-12T17:55:34 IST" skipped="0">
  <testcase classname="TestNg.Example11AssertClass2AssertNOTequals" name="TC1" time="0.022"/>
  <system-out/>
</testsuite> <!-- TestNg.Example11AssertClass2AssertNOTequals -->
